=========================================================================
Log Path: ./log/BootstrapLasso.log
Program Path: C:/Users/na0026/Documents/GitHub/Raaghav/Lasso_code_26March22.R
Working Directory: C:/Users/na0026/Documents/GitHub/penppml
User Name: na0026
R Version: 4.1.2 (2021-11-01)
Machine: EUC-ECO-0002 x86-64
Operating System: Windows 10 x64 build 17134
Base Packages: stats graphics grDevices utils datasets methods base
Other Packages: logr_1.3.0 penppml_0.1.1 glmnet_4.1-3 Matrix_1.3-4 testthat_3.1.2
                matrixStats_0.62.0 readxl_1.4.0 devtools_2.4.3 usethis_2.1.5 
Log Start Time: 2022-04-29 09:13:38
=========================================================================

Bootstrap Lasso

NOTE: Log Print Time:  2022-04-29 09:13:38
NOTE: Elapsed Time: 0.00199389457702637 secs

MC rep.:  1

NOTE: Log Print Time:  2022-04-29 09:13:42
NOTE: Elapsed Time: 3.59511804580688 secs

MC rep.:  2

NOTE: Log Print Time:  2022-04-29 09:15:37
NOTE: Elapsed Time: 1.91884438196818 mins

MC rep.:  3

NOTE: Log Print Time:  2022-04-29 09:17:20
NOTE: Elapsed Time: 1.7201796690623 mins

MC rep.:  4

NOTE: Log Print Time:  2022-04-29 09:19:20
NOTE: Elapsed Time: 2.00394785006841 mins

MC rep.:  5

NOTE: Log Print Time:  2022-04-29 09:21:39
NOTE: Elapsed Time: 2.31441548268 mins

MC rep.:  6

NOTE: Log Print Time:  2022-04-29 09:23:35
NOTE: Elapsed Time: 1.93318295081457 mins

MC rep.:  7

NOTE: Log Print Time:  2022-04-29 09:25:20
NOTE: Elapsed Time: 1.74305739800135 mins

MC rep.:  8

NOTE: Log Print Time:  2022-04-29 09:27:49
NOTE: Elapsed Time: 2.49103684822718 mins

MC rep.:  9

NOTE: Log Print Time:  2022-04-29 09:29:55
NOTE: Elapsed Time: 2.09811701774597 mins

MC rep.:  10

NOTE: Log Print Time:  2022-04-29 09:31:54
NOTE: Elapsed Time: 1.97474600076675 mins

MC rep.:  11

NOTE: Log Print Time:  2022-04-29 09:33:42
NOTE: Elapsed Time: 1.79973750114441 mins

MC rep.:  12

NOTE: Log Print Time:  2022-04-29 09:35:35
NOTE: Elapsed Time: 1.89078474839528 mins

MC rep.:  13

NOTE: Log Print Time:  2022-04-29 09:37:22
NOTE: Elapsed Time: 1.77645645141602 mins

MC rep.:  14

NOTE: Log Print Time:  2022-04-29 09:39:06
NOTE: Elapsed Time: 1.73191164731979 mins

MC rep.:  15

NOTE: Log Print Time:  2022-04-29 09:40:55
NOTE: Elapsed Time: 1.82648068666458 mins

MC rep.:  16

NOTE: Log Print Time:  2022-04-29 09:42:53
NOTE: Elapsed Time: 1.96224498351415 mins

MC rep.:  17

NOTE: Log Print Time:  2022-04-29 09:44:12
NOTE: Elapsed Time: 1.31449099779129 mins

MC rep.:  18

NOTE: Log Print Time:  2022-04-29 09:46:22
NOTE: Elapsed Time: 2.17787830034892 mins

MC rep.:  19

NOTE: Log Print Time:  2022-04-29 09:48:22
NOTE: Elapsed Time: 1.99274485111237 mins

MC rep.:  20

NOTE: Log Print Time:  2022-04-29 09:50:12
NOTE: Elapsed Time: 1.83296285072962 mins

MC rep.:  21

NOTE: Log Print Time:  2022-04-29 09:52:16
NOTE: Elapsed Time: 2.06167188088099 mins

MC rep.:  22

NOTE: Log Print Time:  2022-04-29 09:54:13
NOTE: Elapsed Time: 1.95824336608251 mins

MC rep.:  23

NOTE: Log Print Time:  2022-04-29 09:55:56
NOTE: Elapsed Time: 1.71716673374176 mins

MC rep.:  24

NOTE: Log Print Time:  2022-04-29 09:57:55
NOTE: Elapsed Time: 1.98509108622869 mins

MC rep.:  25

NOTE: Log Print Time:  2022-04-29 09:59:58
NOTE: Elapsed Time: 2.05264783302943 mins

MC rep.:  26

NOTE: Log Print Time:  2022-04-29 10:01:22
NOTE: Elapsed Time: 1.39485488335292 mins

MC rep.:  27

NOTE: Log Print Time:  2022-04-29 10:03:37
NOTE: Elapsed Time: 2.24100621541341 mins

MC rep.:  28

NOTE: Log Print Time:  2022-04-29 10:05:16
NOTE: Elapsed Time: 1.65367891788483 mins

MC rep.:  29

NOTE: Log Print Time:  2022-04-29 10:07:18
NOTE: Elapsed Time: 2.0331129471461 mins

MC rep.:  30

NOTE: Log Print Time:  2022-04-29 10:09:14
NOTE: Elapsed Time: 1.9418208360672 mins

MC rep.:  31

NOTE: Log Print Time:  2022-04-29 10:11:19
NOTE: Elapsed Time: 2.07228793303172 mins

MC rep.:  32

NOTE: Log Print Time:  2022-04-29 10:13:05
NOTE: Elapsed Time: 1.76727401415507 mins

MC rep.:  33

NOTE: Log Print Time:  2022-04-29 10:14:38
NOTE: Elapsed Time: 1.54724446932475 mins

MC rep.:  34

NOTE: Log Print Time:  2022-04-29 10:16:23
NOTE: Elapsed Time: 1.75385446548462 mins

MC rep.:  35

NOTE: Log Print Time:  2022-04-29 10:18:04
NOTE: Elapsed Time: 1.68519814809163 mins

MC rep.:  36

NOTE: Log Print Time:  2022-04-29 10:19:49
NOTE: Elapsed Time: 1.75874273379644 mins

MC rep.:  37

NOTE: Log Print Time:  2022-04-29 10:21:40
NOTE: Elapsed Time: 1.83636751969655 mins

MC rep.:  38

NOTE: Log Print Time:  2022-04-29 10:23:42
NOTE: Elapsed Time: 2.04421224991481 mins

MC rep.:  39

NOTE: Log Print Time:  2022-04-29 10:25:40
NOTE: Elapsed Time: 1.95838359991709 mins

MC rep.:  40

NOTE: Log Print Time:  2022-04-29 10:27:39
NOTE: Elapsed Time: 1.98079884847005 mins

MC rep.:  41

NOTE: Log Print Time:  2022-04-29 10:29:21
NOTE: Elapsed Time: 1.70483993291855 mins

MC rep.:  42

NOTE: Log Print Time:  2022-04-29 10:31:15
NOTE: Elapsed Time: 1.90250035127004 mins

MC rep.:  43

NOTE: Log Print Time:  2022-04-29 10:32:55
NOTE: Elapsed Time: 1.66018493175507 mins

MC rep.:  44

NOTE: Log Print Time:  2022-04-29 10:34:42
NOTE: Elapsed Time: 1.7863179842631 mins

MC rep.:  45

NOTE: Log Print Time:  2022-04-29 10:36:35
NOTE: Elapsed Time: 1.89321089982986 mins

MC rep.:  46

NOTE: Log Print Time:  2022-04-29 10:38:45
NOTE: Elapsed Time: 2.15973616838455 mins

MC rep.:  47

NOTE: Log Print Time:  2022-04-29 10:40:40
NOTE: Elapsed Time: 1.92462239662806 mins

MC rep.:  48

NOTE: Log Print Time:  2022-04-29 10:42:46
NOTE: Elapsed Time: 2.08869786659876 mins

MC rep.:  49

NOTE: Log Print Time:  2022-04-29 10:44:36
NOTE: Elapsed Time: 1.82999931971232 mins

MC rep.:  50

NOTE: Log Print Time:  2022-04-29 10:46:17
NOTE: Elapsed Time: 1.69674309889475 mins

MC rep.:  51

NOTE: Log Print Time:  2022-04-29 10:48:21
NOTE: Elapsed Time: 2.05697113275528 mins

MC rep.:  52

NOTE: Log Print Time:  2022-04-29 10:50:21
NOTE: Elapsed Time: 2.00840386549632 mins

MC rep.:  53

NOTE: Log Print Time:  2022-04-29 10:54:21
NOTE: Elapsed Time: 3.98840863307317 mins

MC rep.:  54

NOTE: Log Print Time:  2022-04-29 10:56:12
NOTE: Elapsed Time: 1.85507190227509 mins

MC rep.:  55

NOTE: Log Print Time:  2022-04-29 10:58:04
NOTE: Elapsed Time: 1.86841384967168 mins

MC rep.:  56

NOTE: Log Print Time:  2022-04-29 11:00:13
NOTE: Elapsed Time: 2.15071438153585 mins

MC rep.:  57

NOTE: Log Print Time:  2022-04-29 11:01:56
NOTE: Elapsed Time: 1.70883951981862 mins

MC rep.:  58

NOTE: Log Print Time:  2022-04-29 11:03:42
NOTE: Elapsed Time: 1.77670240004857 mins

MC rep.:  59

NOTE: Log Print Time:  2022-04-29 11:05:35
NOTE: Elapsed Time: 1.87186499834061 mins

MC rep.:  60

NOTE: Log Print Time:  2022-04-29 11:07:22
NOTE: Elapsed Time: 1.79578046798706 mins

MC rep.:  61

NOTE: Log Print Time:  2022-04-29 11:09:32
NOTE: Elapsed Time: 2.15941863059998 mins

MC rep.:  62

NOTE: Log Print Time:  2022-04-29 11:11:24
NOTE: Elapsed Time: 1.87793823480606 mins

MC rep.:  63

NOTE: Log Print Time:  2022-04-29 11:13:14
NOTE: Elapsed Time: 1.83177709976832 mins

MC rep.:  64

NOTE: Log Print Time:  2022-04-29 11:15:19
NOTE: Elapsed Time: 2.08129779895147 mins

MC rep.:  65

NOTE: Log Print Time:  2022-04-29 11:17:16
NOTE: Elapsed Time: 1.94354253609975 mins

MC rep.:  66

NOTE: Log Print Time:  2022-04-29 11:19:40
NOTE: Elapsed Time: 2.39446526368459 mins

MC rep.:  67

NOTE: Log Print Time:  2022-04-29 11:28:30
NOTE: Elapsed Time: 8.84086090326309 mins

MC rep.:  68

NOTE: Log Print Time:  2022-04-29 11:30:25
NOTE: Elapsed Time: 1.91236388285955 mins

MC rep.:  69

NOTE: Log Print Time:  2022-04-29 11:32:11
NOTE: Elapsed Time: 1.77159253358841 mins

MC rep.:  70

NOTE: Log Print Time:  2022-04-29 11:34:09
NOTE: Elapsed Time: 1.96373561620712 mins

MC rep.:  71

NOTE: Log Print Time:  2022-04-29 11:36:13
NOTE: Elapsed Time: 2.06723816394806 mins

MC rep.:  72

NOTE: Log Print Time:  2022-04-29 11:38:26
NOTE: Elapsed Time: 2.21764670213064 mins

MC rep.:  73

NOTE: Log Print Time:  2022-04-29 11:40:50
NOTE: Elapsed Time: 2.39298476775487 mins

MC rep.:  74

NOTE: Log Print Time:  2022-04-29 11:42:23
NOTE: Elapsed Time: 1.557111064593 mins

MC rep.:  75

NOTE: Log Print Time:  2022-04-29 11:44:13
NOTE: Elapsed Time: 1.83384594917297 mins

MC rep.:  76

NOTE: Log Print Time:  2022-04-29 11:48:03
NOTE: Elapsed Time: 3.8292010029157 mins

MC rep.:  77

NOTE: Log Print Time:  2022-04-29 11:49:58
NOTE: Elapsed Time: 1.91877866586049 mins

MC rep.:  78

NOTE: Log Print Time:  2022-04-29 11:52:01
NOTE: Elapsed Time: 2.05253706773122 mins

MC rep.:  79

NOTE: Log Print Time:  2022-04-29 11:53:52
NOTE: Elapsed Time: 1.84197278022766 mins

MC rep.:  80

NOTE: Log Print Time:  2022-04-29 11:55:51
NOTE: Elapsed Time: 1.98803716897964 mins

MC rep.:  81

NOTE: Log Print Time:  2022-04-29 11:57:53
NOTE: Elapsed Time: 2.04137148062388 mins

MC rep.:  82

NOTE: Log Print Time:  2022-04-29 11:59:39
NOTE: Elapsed Time: 1.76008096933365 mins

MC rep.:  83

NOTE: Log Print Time:  2022-04-29 12:01:38
NOTE: Elapsed Time: 1.98211178382238 mins

MC rep.:  84

NOTE: Log Print Time:  2022-04-29 12:04:38
NOTE: Elapsed Time: 3.00364628235499 mins

MC rep.:  85

NOTE: Log Print Time:  2022-04-29 12:06:37
NOTE: Elapsed Time: 1.98886113166809 mins

MC rep.:  86

NOTE: Log Print Time:  2022-04-29 12:08:33
NOTE: Elapsed Time: 1.93413468599319 mins

MC rep.:  87

NOTE: Log Print Time:  2022-04-29 12:10:30
NOTE: Elapsed Time: 1.9504669825236 mins

MC rep.:  88

NOTE: Log Print Time:  2022-04-29 12:12:37
NOTE: Elapsed Time: 2.11698184808095 mins

MC rep.:  89

NOTE: Log Print Time:  2022-04-29 12:14:35
NOTE: Elapsed Time: 1.96328233480453 mins

MC rep.:  90

NOTE: Log Print Time:  2022-04-29 12:16:32
NOTE: Elapsed Time: 1.94835558334986 mins

MC rep.:  91

NOTE: Log Print Time:  2022-04-29 12:18:55
NOTE: Elapsed Time: 2.3808384180069 mins

MC rep.:  92

NOTE: Log Print Time:  2022-04-29 12:20:40
NOTE: Elapsed Time: 1.74668204784393 mins

MC rep.:  93

NOTE: Log Print Time:  2022-04-29 12:22:32
NOTE: Elapsed Time: 1.86560901800791 mins

MC rep.:  94

NOTE: Log Print Time:  2022-04-29 12:27:03
NOTE: Elapsed Time: 4.51487998167674 mins

MC rep.:  95

NOTE: Log Print Time:  2022-04-29 12:28:47
NOTE: Elapsed Time: 1.74375608364741 mins

MC rep.:  96

NOTE: Log Print Time:  2022-04-29 12:30:48
NOTE: Elapsed Time: 2.00487604935964 mins

MC rep.:  97

NOTE: Log Print Time:  2022-04-29 12:32:37
NOTE: Elapsed Time: 1.81702881654104 mins

MC rep.:  98

NOTE: Log Print Time:  2022-04-29 12:34:36
NOTE: Elapsed Time: 1.98759395281474 mins

MC rep.:  99

NOTE: Log Print Time:  2022-04-29 12:36:55
NOTE: Elapsed Time: 2.3220969637235 mins

MC rep.:  100

NOTE: Log Print Time:  2022-04-29 12:38:47
NOTE: Elapsed Time: 1.86667910019557 mins

MC rep.:  101

NOTE: Log Print Time:  2022-04-29 12:40:29
NOTE: Elapsed Time: 1.69154175122579 mins

MC rep.:  102

NOTE: Log Print Time:  2022-04-29 12:42:23
NOTE: Elapsed Time: 1.90887471834819 mins

MC rep.:  103

NOTE: Log Print Time:  2022-04-29 12:44:14
NOTE: Elapsed Time: 1.8396474480629 mins

MC rep.:  104

NOTE: Log Print Time:  2022-04-29 12:46:02
NOTE: Elapsed Time: 1.81175338427226 mins

MC rep.:  105

NOTE: Log Print Time:  2022-04-29 12:47:52
NOTE: Elapsed Time: 1.82792724768321 mins

MC rep.:  106

NOTE: Log Print Time:  2022-04-29 12:49:39
NOTE: Elapsed Time: 1.7865375995636 mins

MC rep.:  107

NOTE: Log Print Time:  2022-04-29 12:51:56
NOTE: Elapsed Time: 2.28299133380254 mins

MC rep.:  108

NOTE: Log Print Time:  2022-04-29 12:53:38
NOTE: Elapsed Time: 1.7052224000295 mins

MC rep.:  109

NOTE: Log Print Time:  2022-04-29 12:55:43
NOTE: Elapsed Time: 2.08280109961828 mins

MC rep.:  110

NOTE: Log Print Time:  2022-04-29 12:57:41
NOTE: Elapsed Time: 1.96749640305837 mins

MC rep.:  111

NOTE: Log Print Time:  2022-04-29 12:59:47
NOTE: Elapsed Time: 2.09496911366781 mins

MC rep.:  112

NOTE: Log Print Time:  2022-04-29 13:01:36
NOTE: Elapsed Time: 1.82095570166906 mins

MC rep.:  113

NOTE: Log Print Time:  2022-04-29 13:03:24
NOTE: Elapsed Time: 1.79090916713079 mins

MC rep.:  114

NOTE: Log Print Time:  2022-04-29 13:06:36
NOTE: Elapsed Time: 3.20867006778717 mins

MC rep.:  115

NOTE: Log Print Time:  2022-04-29 13:10:00
NOTE: Elapsed Time: 3.39542609850566 mins

MC rep.:  116

NOTE: Log Print Time:  2022-04-29 13:11:43
NOTE: Elapsed Time: 1.71562083164851 mins

MC rep.:  117

NOTE: Log Print Time:  2022-04-29 13:14:00
NOTE: Elapsed Time: 2.28407961924871 mins

MC rep.:  118

NOTE: Log Print Time:  2022-04-29 13:16:07
NOTE: Elapsed Time: 2.10754321416219 mins

MC rep.:  119

NOTE: Log Print Time:  2022-04-29 13:17:51
NOTE: Elapsed Time: 1.74660598436991 mins

MC rep.:  120

NOTE: Log Print Time:  2022-04-29 13:19:44
NOTE: Elapsed Time: 1.87074936628342 mins

MC rep.:  121

NOTE: Log Print Time:  2022-04-29 13:22:05
NOTE: Elapsed Time: 2.35097603400548 mins

MC rep.:  122

NOTE: Log Print Time:  2022-04-29 13:23:59
NOTE: Elapsed Time: 1.90156228542328 mins

MC rep.:  123

NOTE: Log Print Time:  2022-04-29 13:25:45
NOTE: Elapsed Time: 1.76744321584702 mins

MC rep.:  124

NOTE: Log Print Time:  2022-04-29 13:27:42
NOTE: Elapsed Time: 1.95935434897741 mins

MC rep.:  125

NOTE: Log Print Time:  2022-04-29 13:30:28
NOTE: Elapsed Time: 2.76624601682027 mins

MC rep.:  126

NOTE: Log Print Time:  2022-04-29 13:32:11
NOTE: Elapsed Time: 1.71916369994481 mins

MC rep.:  127

NOTE: Log Print Time:  2022-04-29 13:34:21
NOTE: Elapsed Time: 2.1545103987058 mins

MC rep.:  128

NOTE: Log Print Time:  2022-04-29 13:36:36
NOTE: Elapsed Time: 2.26070466836294 mins

MC rep.:  129

NOTE: Log Print Time:  2022-04-29 13:37:54
NOTE: Elapsed Time: 1.28699930111567 mins

MC rep.:  130

NOTE: Log Print Time:  2022-04-29 13:40:21
NOTE: Elapsed Time: 2.45765271584193 mins

MC rep.:  131

NOTE: Log Print Time:  2022-04-29 13:42:30
NOTE: Elapsed Time: 2.14874888261159 mins

MC rep.:  132

NOTE: Log Print Time:  2022-04-29 13:44:13
NOTE: Elapsed Time: 1.7214581489563 mins

MC rep.:  133

NOTE: Log Print Time:  2022-04-29 13:46:03
NOTE: Elapsed Time: 1.82808889945348 mins

MC rep.:  134

NOTE: Log Print Time:  2022-04-29 13:48:02
NOTE: Elapsed Time: 1.98737787008286 mins

MC rep.:  135

NOTE: Log Print Time:  2022-04-29 13:49:54
NOTE: Elapsed Time: 1.86569716533025 mins

MC rep.:  136

NOTE: Log Print Time:  2022-04-29 13:51:39
NOTE: Elapsed Time: 1.74343541463216 mins

MC rep.:  137

NOTE: Log Print Time:  2022-04-29 13:53:55
NOTE: Elapsed Time: 2.27442086935043 mins

MC rep.:  138

NOTE: Log Print Time:  2022-04-29 13:55:40
NOTE: Elapsed Time: 1.74254738092422 mins

MC rep.:  139

NOTE: Log Print Time:  2022-04-29 13:57:41
NOTE: Elapsed Time: 2.02235076824824 mins

MC rep.:  140

NOTE: Log Print Time:  2022-04-29 14:00:05
NOTE: Elapsed Time: 2.3942434668541 mins

MC rep.:  141

NOTE: Log Print Time:  2022-04-29 14:02:13
NOTE: Elapsed Time: 2.13382001717885 mins

MC rep.:  142

NOTE: Log Print Time:  2022-04-29 14:04:18
NOTE: Elapsed Time: 2.09100826581319 mins

MC rep.:  143

NOTE: Log Print Time:  2022-04-29 14:06:14
NOTE: Elapsed Time: 1.93567204872767 mins

MC rep.:  144

NOTE: Log Print Time:  2022-04-29 14:08:31
NOTE: Elapsed Time: 2.27174214919408 mins

MC rep.:  145

NOTE: Log Print Time:  2022-04-29 14:10:36
NOTE: Elapsed Time: 2.09315235217412 mins

MC rep.:  146

NOTE: Log Print Time:  2022-04-29 14:12:39
NOTE: Elapsed Time: 2.03682856559753 mins

MC rep.:  147

NOTE: Log Print Time:  2022-04-29 14:15:19
NOTE: Elapsed Time: 2.6711057027181 mins

MC rep.:  148

NOTE: Log Print Time:  2022-04-29 14:17:07
NOTE: Elapsed Time: 1.80815048217773 mins

MC rep.:  149

NOTE: Log Print Time:  2022-04-29 14:19:03
NOTE: Elapsed Time: 1.92179006735484 mins

MC rep.:  150

NOTE: Log Print Time:  2022-04-29 14:21:17
NOTE: Elapsed Time: 2.23432589769363 mins

MC rep.:  151

NOTE: Log Print Time:  2022-04-29 14:23:36
NOTE: Elapsed Time: 2.32020655075709 mins

MC rep.:  152

NOTE: Log Print Time:  2022-04-29 14:26:47
NOTE: Elapsed Time: 3.19386276801427 mins

MC rep.:  153

NOTE: Log Print Time:  2022-04-29 14:28:49
NOTE: Elapsed Time: 2.03251553376516 mins

MC rep.:  154

NOTE: Log Print Time:  2022-04-29 14:31:24
NOTE: Elapsed Time: 2.57994366486867 mins

MC rep.:  155

NOTE: Log Print Time:  2022-04-29 14:32:31
NOTE: Elapsed Time: 1.11136891841888 mins

MC rep.:  156

NOTE: Log Print Time:  2022-04-29 14:34:19
NOTE: Elapsed Time: 1.80603523254395 mins

MC rep.:  157

NOTE: Log Print Time:  2022-04-29 14:35:49
NOTE: Elapsed Time: 1.49268963336945 mins

MC rep.:  158

NOTE: Log Print Time:  2022-04-29 14:37:40
NOTE: Elapsed Time: 1.85013549725215 mins

MC rep.:  159

NOTE: Log Print Time:  2022-04-29 14:39:16
NOTE: Elapsed Time: 1.5975795507431 mins

MC rep.:  160

NOTE: Log Print Time:  2022-04-29 14:41:00
NOTE: Elapsed Time: 1.74181994994481 mins

MC rep.:  161

NOTE: Log Print Time:  2022-04-29 14:42:55
NOTE: Elapsed Time: 1.91852376858393 mins

MC rep.:  162

NOTE: Log Print Time:  2022-04-29 14:48:38
NOTE: Elapsed Time: 5.71368670066198 mins

MC rep.:  163

NOTE: Log Print Time:  2022-04-29 14:50:50
NOTE: Elapsed Time: 2.20372939904531 mins

MC rep.:  164

NOTE: Log Print Time:  2022-04-29 14:52:38
NOTE: Elapsed Time: 1.79241741498311 mins

MC rep.:  165

NOTE: Log Print Time:  2022-04-29 14:54:21
NOTE: Elapsed Time: 1.72532503604889 mins

MC rep.:  166

NOTE: Log Print Time:  2022-04-29 14:56:05
NOTE: Elapsed Time: 1.72200123071671 mins

MC rep.:  167

NOTE: Log Print Time:  2022-04-29 14:57:45
NOTE: Elapsed Time: 1.66898925304413 mins

MC rep.:  168

NOTE: Log Print Time:  2022-04-29 14:59:32
NOTE: Elapsed Time: 1.78744926452637 mins

MC rep.:  169

NOTE: Log Print Time:  2022-04-29 15:01:23
NOTE: Elapsed Time: 1.85174063444138 mins

MC rep.:  170

NOTE: Log Print Time:  2022-04-29 15:03:16
NOTE: Elapsed Time: 1.87161253293355 mins

MC rep.:  171

NOTE: Log Print Time:  2022-04-29 15:05:01
NOTE: Elapsed Time: 1.75297329823176 mins

MC rep.:  172

NOTE: Log Print Time:  2022-04-29 15:07:06
NOTE: Elapsed Time: 2.08229933579763 mins

MC rep.:  173

NOTE: Log Print Time:  2022-04-29 15:08:59
NOTE: Elapsed Time: 1.89068234761556 mins

MC rep.:  174

NOTE: Log Print Time:  2022-04-29 15:10:44
NOTE: Elapsed Time: 1.74128495057424 mins

MC rep.:  175

NOTE: Log Print Time:  2022-04-29 15:12:30
NOTE: Elapsed Time: 1.76680025259654 mins

MC rep.:  176

NOTE: Log Print Time:  2022-04-29 15:14:18
NOTE: Elapsed Time: 1.80431229670842 mins

MC rep.:  177

NOTE: Log Print Time:  2022-04-29 15:17:01
NOTE: Elapsed Time: 2.71447146733602 mins

MC rep.:  178

NOTE: Log Print Time:  2022-04-29 15:19:10
NOTE: Elapsed Time: 2.1616342663765 mins

MC rep.:  179

NOTE: Log Print Time:  2022-04-29 15:21:26
NOTE: Elapsed Time: 2.26482698520025 mins

MC rep.:  180

NOTE: Log Print Time:  2022-04-29 15:23:14
NOTE: Elapsed Time: 1.79424824714661 mins

MC rep.:  181

NOTE: Log Print Time:  2022-04-29 15:25:05
NOTE: Elapsed Time: 1.85146290063858 mins

MC rep.:  182

NOTE: Log Print Time:  2022-04-29 15:26:57
NOTE: Elapsed Time: 1.8740624666214 mins

MC rep.:  183

NOTE: Log Print Time:  2022-04-29 15:28:40
NOTE: Elapsed Time: 1.7056318004926 mins

MC rep.:  184

NOTE: Log Print Time:  2022-04-29 15:30:37
NOTE: Elapsed Time: 1.94478856722514 mins

MC rep.:  185

NOTE: Log Print Time:  2022-04-29 15:32:26
NOTE: Elapsed Time: 1.82115474939346 mins

MC rep.:  186

NOTE: Log Print Time:  2022-04-29 15:34:18
NOTE: Elapsed Time: 1.87614943583806 mins

MC rep.:  187

NOTE: Log Print Time:  2022-04-29 15:36:29
NOTE: Elapsed Time: 2.17887306610743 mins

MC rep.:  188

NOTE: Log Print Time:  2022-04-29 15:38:33
NOTE: Elapsed Time: 2.06478596528371 mins

MC rep.:  189

NOTE: Log Print Time:  2022-04-29 15:40:13
NOTE: Elapsed Time: 1.66607468525569 mins

MC rep.:  190

NOTE: Log Print Time:  2022-04-29 15:42:01
NOTE: Elapsed Time: 1.80634774764379 mins

MC rep.:  191

NOTE: Log Print Time:  2022-04-29 15:43:48
NOTE: Elapsed Time: 1.7825573682785 mins

MC rep.:  192

NOTE: Log Print Time:  2022-04-29 15:46:09
NOTE: Elapsed Time: 2.33876183430354 mins

MC rep.:  193

NOTE: Log Print Time:  2022-04-29 15:48:02
NOTE: Elapsed Time: 1.89164708058039 mins

MC rep.:  194

NOTE: Log Print Time:  2022-04-29 15:50:11
NOTE: Elapsed Time: 2.14127346674601 mins

MC rep.:  195

NOTE: Log Print Time:  2022-04-29 15:52:05
NOTE: Elapsed Time: 1.90491180022558 mins

MC rep.:  196

NOTE: Log Print Time:  2022-04-29 15:54:56
NOTE: Elapsed Time: 2.84640551805496 mins

MC rep.:  197

NOTE: Log Print Time:  2022-04-29 15:56:53
NOTE: Elapsed Time: 1.95304113229116 mins

MC rep.:  198

NOTE: Log Print Time:  2022-04-29 15:58:50
NOTE: Elapsed Time: 1.95927661657333 mins

MC rep.:  199

NOTE: Log Print Time:  2022-04-29 16:00:42
NOTE: Elapsed Time: 1.86156564950943 mins

MC rep.:  200

NOTE: Log Print Time:  2022-04-29 16:02:37
NOTE: Elapsed Time: 1.92013605038325 mins

MC rep.:  201

NOTE: Log Print Time:  2022-04-29 16:04:27
NOTE: Elapsed Time: 1.82407808303833 mins

MC rep.:  202

NOTE: Log Print Time:  2022-04-29 16:06:32
NOTE: Elapsed Time: 2.08954164981842 mins

MC rep.:  203

NOTE: Log Print Time:  2022-04-29 16:08:43
NOTE: Elapsed Time: 2.17320626576742 mins

MC rep.:  204

NOTE: Log Print Time:  2022-04-29 16:20:11
NOTE: Elapsed Time: 11.4697778026263 mins

MC rep.:  205

NOTE: Log Print Time:  2022-04-29 16:21:55
NOTE: Elapsed Time: 1.73108178377151 mins

MC rep.:  206

NOTE: Log Print Time:  2022-04-29 16:23:43
NOTE: Elapsed Time: 1.81256235043208 mins

MC rep.:  207

NOTE: Log Print Time:  2022-04-29 16:25:33
NOTE: Elapsed Time: 1.83479601542155 mins

MC rep.:  208

NOTE: Log Print Time:  2022-04-29 16:27:28
NOTE: Elapsed Time: 1.90682270129522 mins

MC rep.:  209

NOTE: Log Print Time:  2022-04-29 16:29:31
NOTE: Elapsed Time: 2.04993073145548 mins

MC rep.:  210

NOTE: Log Print Time:  2022-04-29 16:31:20
NOTE: Elapsed Time: 1.81470003525416 mins

MC rep.:  211

NOTE: Log Print Time:  2022-04-29 16:33:08
NOTE: Elapsed Time: 1.79854278167089 mins

MC rep.:  212

NOTE: Log Print Time:  2022-04-29 16:35:03
NOTE: Elapsed Time: 1.92777153253555 mins

MC rep.:  213

NOTE: Log Print Time:  2022-04-29 16:36:49
NOTE: Elapsed Time: 1.76905360221863 mins

MC rep.:  214

NOTE: Log Print Time:  2022-04-29 16:38:59
NOTE: Elapsed Time: 2.15188271601995 mins

MC rep.:  215

NOTE: Log Print Time:  2022-04-29 16:44:16
NOTE: Elapsed Time: 5.28531466722488 mins

MC rep.:  216

NOTE: Log Print Time:  2022-04-29 16:46:02
NOTE: Elapsed Time: 1.77163193225861 mins

MC rep.:  217

NOTE: Log Print Time:  2022-04-29 16:47:47
NOTE: Elapsed Time: 1.75927424828211 mins

MC rep.:  218

NOTE: Log Print Time:  2022-04-29 16:49:30
NOTE: Elapsed Time: 1.70301763614019 mins

MC rep.:  219

NOTE: Log Print Time:  2022-04-29 16:51:20
NOTE: Elapsed Time: 1.83322738011678 mins

MC rep.:  220

NOTE: Log Print Time:  2022-04-29 16:53:31
NOTE: Elapsed Time: 2.18765115340551 mins

MC rep.:  221

NOTE: Log Print Time:  2022-04-29 16:55:10
NOTE: Elapsed Time: 1.64451218048731 mins

MC rep.:  222

NOTE: Log Print Time:  2022-04-29 16:57:05
NOTE: Elapsed Time: 1.92046701908112 mins

MC rep.:  223

NOTE: Log Print Time:  2022-04-29 16:59:04
NOTE: Elapsed Time: 1.98835775057475 mins

MC rep.:  224

NOTE: Log Print Time:  2022-04-29 17:00:51
NOTE: Elapsed Time: 1.77570743163427 mins

MC rep.:  225

NOTE: Log Print Time:  2022-04-29 17:02:51
NOTE: Elapsed Time: 2.00806183417638 mins

MC rep.:  226

NOTE: Log Print Time:  2022-04-29 17:05:25
NOTE: Elapsed Time: 2.55754393339157 mins

MC rep.:  227

NOTE: Log Print Time:  2022-04-29 17:07:35
NOTE: Elapsed Time: 2.17585819959641 mins

MC rep.:  228

NOTE: Log Print Time:  2022-04-29 17:09:00
NOTE: Elapsed Time: 1.41774778366089 mins

MC rep.:  229

NOTE: Log Print Time:  2022-04-29 17:11:02
NOTE: Elapsed Time: 2.03592653274536 mins

MC rep.:  230

NOTE: Log Print Time:  2022-04-29 17:16:00
NOTE: Elapsed Time: 4.96048320134481 mins

MC rep.:  231

NOTE: Log Print Time:  2022-04-29 17:18:16
NOTE: Elapsed Time: 2.26480966409047 mins

MC rep.:  232

NOTE: Log Print Time:  2022-04-29 17:20:10
NOTE: Elapsed Time: 1.90925425291061 mins

MC rep.:  233

NOTE: Log Print Time:  2022-04-29 17:22:09
NOTE: Elapsed Time: 1.97966614961624 mins

MC rep.:  234

NOTE: Log Print Time:  2022-04-29 17:24:40
NOTE: Elapsed Time: 2.51861473321915 mins

MC rep.:  235

NOTE: Log Print Time:  2022-04-29 17:26:21
NOTE: Elapsed Time: 1.68131876389186 mins

MC rep.:  236

NOTE: Log Print Time:  2022-04-29 17:28:18
NOTE: Elapsed Time: 1.94694755077362 mins

MC rep.:  237

NOTE: Log Print Time:  2022-04-29 17:30:12
NOTE: Elapsed Time: 1.89754683574041 mins

MC rep.:  238

NOTE: Log Print Time:  2022-04-29 17:32:12
NOTE: Elapsed Time: 1.99985886414846 mins

MC rep.:  239

NOTE: Log Print Time:  2022-04-29 17:34:05
NOTE: Elapsed Time: 1.88054218292236 mins

MC rep.:  240

NOTE: Log Print Time:  2022-04-29 17:36:05
NOTE: Elapsed Time: 2.00546941757202 mins

MC rep.:  241

NOTE: Log Print Time:  2022-04-29 17:42:11
NOTE: Elapsed Time: 6.10757301648458 mins

MC rep.:  242

NOTE: Log Print Time:  2022-04-29 17:47:22
NOTE: Elapsed Time: 5.17282323439916 mins

MC rep.:  243

NOTE: Log Print Time:  2022-04-29 17:49:46
NOTE: Elapsed Time: 2.39492056767146 mins

MC rep.:  244

NOTE: Log Print Time:  2022-04-29 17:51:28
NOTE: Elapsed Time: 1.7125297665596 mins

MC rep.:  245

NOTE: Log Print Time:  2022-04-29 17:53:07
NOTE: Elapsed Time: 1.65051366488139 mins

MC rep.:  246

NOTE: Log Print Time:  2022-04-29 17:54:57
NOTE: Elapsed Time: 1.8211577852567 mins

MC rep.:  247

NOTE: Log Print Time:  2022-04-29 17:56:51
NOTE: Elapsed Time: 1.90996452967326 mins

MC rep.:  248

NOTE: Log Print Time:  2022-04-29 18:00:11
NOTE: Elapsed Time: 3.33331743478775 mins

MC rep.:  249

NOTE: Log Print Time:  2022-04-29 18:01:52
NOTE: Elapsed Time: 1.67352625131607 mins

MC rep.:  250

NOTE: Log Print Time:  2022-04-29 18:08:45
NOTE: Elapsed Time: 6.8923152645429 mins

[1] 196 125

NOTE: Log Print Time:  2022-05-02 06:40:57
NOTE: Elapsed Time: 2.52235369200232 days

=========================================================================
Log End Time: 2022-05-02 06:41:00
Log Elapsed Time: 2 21:27:22
=========================================================================
